PLINK v1.9.0-b.7.11 64-bit (19 Aug 2025)
Options in effect:
  --file data/raw/hapmap1
  --make-bed
  --out data/processed/base

Hostname: JAYASHREE_R
Working directory: C:\Users\jayas\genomic_data_engineering_demo
Start time: Wed Oct 22 22:53:53 2025

Random number seed: 1761170033
15775 MB RAM detected; reserving 7887 MB for main workspace.
Scanning .ped file... done.
Performing single-pass .bed write (83534 variants, 89 people).
--file: data/processed/base-temporary.bed + data/processed/base-temporary.bim +
data/processed/base-temporary.fam written.
83534 variants loaded from .bim file.
89 people (89 males, 0 females) loaded from .fam.
89 phenotype values loaded from .fam.
Using 1 thread (no multithreaded calculations invoked).
Before main variant filters, 89 founders and 0 nonfounders present.
Calculating allele frequencies... done.
Total genotyping rate is 0.99441.
83534 variants and 89 people pass filters and QC.
Among remaining phenotypes, 44 are cases and 45 are controls.
--make-bed to data/processed/base.bed + data/processed/base.bim +
data/processed/base.fam ... done.

End time: Wed Oct 22 22:53:54 2025
